[    0.000000] Linux version 4.15.0-106-generic (buildd@lcy01-amd64-016) (gcc version 7.5.0 (Ubuntu 7.5.0-3ubuntu1~18.04)) #107-Ubuntu SMP Thu Jun 4 11:27:52 UTC 2020 (Ubuntu 4.15.0-106.107-generic 4.15.18)
[    0.000000] Command line: BOOT_IMAGE=/boot/vmlinuz-4.15.0-106-generic root=LABEL=cloudimg-rootfs ro console=tty1 console=ttyS0
[    0.000000] KERNEL supported cpus:
[    0.000000]   Intel GenuineIntel
[    0.000000]   AMD AuthenticAMD
[    0.000000]   Centaur CentaurHauls
[    0.000000] x86/fpu: Supporting XSAVE feature 0x001: 'x87 floating point registers'
[    0.000000 x86/fpu: Supporting XSAVE feature 0x002: 'SSE registers'
[    0.000000] x86/fpu: Supporting XSAVE feature 0x004: 'AVX registers'
[    0.000000] x86/fpu: xstate_offset[2]:  576, xstate_sizes[2]:  256
[    0.000000] x86/fpu: Enabled xstate features 0x7, context size is 832 bytes, using 'standard' format.
[    0.000000] e820: BIOS-provided physical RAM map:
[    0.000000] BIOS-e820: [mem 0x00000000000000000x000000000009fbff] usable
[    0.000000] BIOS-e820: [mem 0x000000000009fc00-0x000000000009ffff] reserved
[    0.000000] BIOS-e820: [mem 0x00000000000f0000-0x00000000000fffff] reserved
[    0.000000] BIOS-e820: [mem 0x0000000000100000-0x000000007ffeffff] usable
[    0.000000] BIOS-e820: [mem 0x000000007fff0000-0x000000007fffffff] ACPI data
[    0.000000] BIOe820: [mem 0x00000000fec00000-0x00000000fec00fff] reserved
[    0.000000] BIOS-e820: [mem 0x00000000fee00000-0x00000000fee00fff] reserved
[    0.000000] BIOS-e820: [mem 0x00000000fffc0000-0x00000000ffffffff] reserved
[    0.000000] NX (Execute Disable) protection: active
[    0.000000] SMBIOS 2.5 present.
[    0.000000] DMI: innotek GmbH VirtualBox/VirtualBox, BIOS VirtualBox 12/01/2006
[    0.000000] Hypervisor detected: KVM
[    0.000000] e820: lastpf = 0x7ff0 max_arch_pfn = 0x4000000
[    0.00000] MTRR Dsabled
[   .000000] 86/PAT: MTRRs isabled, skippingPA initialization too.
[   0.000000] CPU TRs all blank - virtualized system.
[    0.000000] x86/PAT: Configuration [0-7]: WB  WT  UC- UC  WB  WT  UC- UC  
[    0.000000] found SMP MP-table at [mem 0x0009fff0-0x0009ffff]
[    0.000000] Scanning 1 areas for low memory corruption
[    0.000000] RAMDISK: [mem 0x35a6b000-0x36d2cfff]
[    0.000000] ACPI: Early table checksum verification disabled
[    0.000000] ACPI: RSDP 0x00000000000E0000 000024 (v02 VBOX  )
[    0.000000] ACPI: XSDT 0x000000007FFF0030 00003C (v01 VBOX   VBOXXSDT 00000001 ASL  00000061)
[    0.000000] ACPI: FACP 0x000000007FFF00F0 0000F4 (v04 VBOX   VBOXFACP 00000001 ASL  00000061)
[    0.000000] ACPI: DSDT 0x000000007FFF0470 0021FF (v02 VBOX   VBOXBIOS 00000002 INTL 20180105)
[    0.000000] ACPI: FACS 0x000000007FFF0200 000040
[    0.000000] ACPI: FACS 0x000000007FFF0200 000040
[    0.000000] ACPI: APIC 0x000000007FFF0240 00005C (v02 VBOX   VBOXAPIC 00000001 ASL  0000061)
[    0.000000] ACPI: SSDT 0x000000007FFF02A0 0001CC (v01 VBOX   VBOXCPUT 00000002 INTL 20180105)
[    0.000000] No NUMA configuration found
[    0.000000] Faking a node at [mem 0x0000000000000000-0x000000007ffeffff]
[    0.000000] NODE_DATA(0) allocated [mem 0x7ffc5000-0x7ffeffff]
[    0.000000] kvm-clock: cpu 0, msr 0:7ff44001, primary cpu clock
[    0.000000] kvm-clock: Using msrs 4b564d01 and 4b564d00
[    0.000000] kvm-clock: using sched offset of 4338652101 cycles
[    0.000000] clocksource: kvm-clock: mask: 0xffffffffffffffff max_cycles: 0x1cd42e4dffb, max_idle_ns: 881590591483 ns
[    0.000000] Zone ranges:[    0.000000]  DMA    [mem 0x0000000000001000-0x0000000000ffffff]
[    0.000000]   DMA32    [mem 0x0000000001000000-0x000000007ffeffff]
[    0.000000]   Normal   empty
[    0.000000]   Device   empty
[    0.000000] Movable zone start for each node
[    0.000000] Early memory node ranges
[    0.000000]   node   0: [mem 0x0000000000001000-0x000000000009efff]
[    0.000000]   node   0: [mem 0x0000000000100000-0x000000007ffeffff]
[    0.000000] Reserved but unavailable: 98 pages
[    0.000000] Initmem setup node 0 [mem 0x0000000000001000-0x00000007ffeffff]
[    0.000000] ACPI: PM-Timer IO Port: 0x4008
[    0.000000] IOAPIC[0]: apic_id 2, version 32, address 0xfec00000, GSI 0-23
[    0.000000] ACPI: INT_SRC_OVR (bus 0 bus_irq 0 global_irq 2 dfl dfl)
[    0.000000] ACPI: INT_SRC_OVR (bus 0 bus_irq 9 global_irq 9 low level)
[    0.000000] Using ACPI (MADT) for SMP configuration information
[    0.000000] smpboot: Allowing 2 CPUs, 0hotplug CPUs
[    0.000000] PM: Registered noave memory: [mem 0x00000000-0x00000fff]
[    0.000000] PM: Registered nosave memory: [mem 0x0009f000-0x0009ffff]
[    0.000000] PM: Registered nsave memory: [mem 0x000a0000-0x000effff]
[    0.000000] PM: Registered nosave memory: [mem 0x000f0000-0x000fffff]
[    0.000000] e820: [mem 0x80000000-0xfebfffff] available for PCI devices
[    0.000000] Booting paravirtualized kernel on KVM
[    0.000000] clocksource: refined-jiffies: mask: 0xffffffff max_cycles: 0xffffffff, max_idle_ns: 7645519600211568 ns
[    0.000000] random: get_random_bytes called from start_kernel+0x99/0x4fd with crng_init=0
[    0.000000] setup_percpu: NR_CPUS:8192 nr_pumask_bits:2 nr_cpu_ids:2 nr_node_ids:1
[    0000000] percpu: Embedded 45 pages/cpu s147456 r8192 d286721048576
[    0.000000] PV qspinlock hash table entries: 256 (order: 0, 4096 bytes)
[    0.000000] Built 1 zonelists, mobility grouping on.  Total pages: 515961
[    0.000000] Policy zone: DMA32
[    0.000000] Kernel command line: BOOT_IMAGE=/boot/vmlinuz-4.15.0-106-generic root=LABEL=cloudimg-rootfs ro console=tty1 console=ttyS0
[    0.000000] Memory: 2015236K/2096696K available (12300K kernel code, 2481K rwdata, 4272K rodata, 2436K init, 2720K bss, 81460K reserved, 0K cma-reserved)
[    0.000000] SLUB: HWalign=64, Order=0-3, MinObjects=0, CPUs=2, Nodes=1

[    0.000000] Kernel/User page tables isolation: enabled
[    0.000000] ftrace: allocating 39378 entries in 154 pages
[    0.004000] Hierarchical RCU implementation.
[    0.004000] 	RCU restricting CPUs from NR_CPUS=8192 to nr_cpu_ids=2.
[    0.004000] 	Tasks RCU enabled.
[    0.004000] RCU: Adjusting geometry for rcu_fanout_leaf=16, nr_cpu_ids=2
[    0.004000] NR_IRQS: 524544, nr_irqs: 440, preallocated irqs: 16
[    0.004000] Console: colour VGA+ 80x25
[    0.004000] console [tty1] enabled
[    0.004000] console [ttyS0] enabled
[    0.004000] ACPI: Core revision 20170831
[    0.004000] ACPI: 2 ACPI AML tables successfully acquired and loaded
[    0.004000] APIC: Switch to symmetric I/O mode setup
[    0.04000] x2apic enabled
[    0.004008] Switched APIC routing to physical x2apic.
[    0.006308] ..TIMER: vector=0x30 apic1=0 pin1=2 apic2=-1 pin2=-1
[    0.008003] tsc: Detected 2194.918 MHz processor
[    0.008996] Calibrating delay loop (skipped) preset value.. 4389.83 BogoMIPS (lpj=8779672)
[    0.009799] pid_max: default: 32768 minimum: 301
[    0.012039] Security Framework initialized
[    0.012956] Yama: becoming mindful.
[    0.013801] AppArmor: AppArmor initialized
[    0.016335] Dentry cache hash table entries: 262144 (order: 9, 2097152 bytes)
[    0.018840] Inode-cache hash table entries: 131072 (order: 8, 1048576 bytes)
[    0.020036] Mount-cache hash table entries: 4096 (order: 3, 32768 bytes)
[    0.021521] Mountpoint-cache hash table entries: 4096 (order: 3, 32768 bytes)
[    0.024335] Last level iTLB entries: 4KB 64, 2MB 8, 4MB 8
[    0.025508] Last level dTLB entries: 4KB 64, 2MB 0, 4MB 0, 1GB 4
[    0.026832] Spectre V1 : Mitigation: usercopy/swapgs barriers and __user pointer sanitization
[    0.028003] Spectre V2 : Mitigation: Full generic retpoline
[    0.029188] Spectre V2 : Spectre v2 / SpectreRSB mitigation: Filling RSB on context switch
[    0.031022] Speculative Store Bypass: Vulnerable
[    0.032052] SRBDS: Unknown: Dependent on hypervisor status
[    0.033234] MDS: Mitigation: Clear CPU buffers
[    0.036163] Freeing SMP alternatives memory: 36K
[    0.147676] smpboot: CPU0: Intel(R) Core(TM) i5-5200U CPU @ 2.20GHz (family: 0x6, model: 0x3d, stepping: 0x4)
[    0.148000] Performance Events: unsupported p6 CPU model 61 no PMU driver, software events only.
[    0.148047] Hierarchical SRCU implementation.
[    0.149783] NMI watchdog: Perf event create on CPU 0 failed with -2
[    0.151153] NMI watchdog: Perf NMI watchdog permanently disabled
[    0.152059] smp: Bringing up secondary CPUs ...
[    0.153158] x86: Booting SMP configuration:
[    0.154126] .... node  #0, CPUs:      #1
[    0.004000] kvm-clock: cpu 1, msr 0:7ff44041, secondary cpu clock
[    0.162862] smp: Brought up 1 node, 2 CPUs
[    0.164007] smpboot: Max logical packages: 1
[    0.164960] smpboot: Total of 2 processors activated (8779.67 BogoMIPS)
[    0.166589] devtmpfs: initialized
[    0.166589] x86/mm: Memory block size: 128MB
[    0.168236] evm: security.selinux
[    0.169007] evm: security.SMACK64
[    0.169793] evm: security.SMACK64EXEC
[    0.170696] evm: security.SMACK64TRANSMUTE
[    0.172003] evm: security.SMACK64MMAP
[    0.172868] evm: security.apparmor
[    0.173676] evm: security.ima
[    0.174374] evm: security.capability
[    0.176135] clocksource: jiffies: mask: 0xffffffff max_cycles: 0xffffffff, max_idle_ns: 7645041785100000 ns
[    0.180036] futex hash table entries: 512 (order: 3, 32768 bytes)
[    0.184123] pinctrl core: initialized pinctrl subsystem
[    0.188174] RTC time: 17:33:07, date: 06/16/20
[    0.189431] NET: Registered protocol family 16
[    0.192088] audit: initializing netlink subsys (disabled)
[    0.193336] audit: type=2000 audit(1592328791.486:1): state=initialized audit_enabled=0 res=1
[    0.193663] cpuidle: using governor ladder
[    0.196009] cpuidle: using governor menu
[    0.196984] ACPI: bus type PCI registered
[    0.197923] acpiphp: ACPI Hot Plug PCI Controller Driver version: 0.5
[    0.200000] PCI: Using configuration type 1 for base access
[    0.204059] HugeTLB registered 2.00 MiB page size, pre-allocated 0 pages
[    0.208107] ACPI: Added _OSI(Module Device)
[    0.212010] ACPI: Added _OSI(Processor Device)
[    0.216013] ACPI: Added _OSI(3.0 _SCP Extensions)
[    0.220008] ACPI: Added _OSI(Processor Aggregator Device)
[    0.221253] ACPI: Added _OSI(Linux-Dell-Video)
[    0.222123] ACPI: Added _OSI(Linux-Lenovo-NV-HDMI-Audio)
[    0.223308] ACPI: Added _OSI(Linux-HPI-Hybrid-Graphics)
[    0.224319] ACPI: Executed 1 blocks of module-level executable AML code
[    0.235485] ACPI: Interpreter enabled
[    0.236027] ACPI: (supports S0 S5)
[    0.236879] ACPI: Using IOAPIC for interrupt routing
[    0.240097] PCI: Using host bridge windows from ACPI; if necessary, use "pci=nocrs" and report a bug
[    0.242317] ACPI: Enabled 2 GPEs in block 00 to 07
[    0.251600] ACPI: PCI Root Bridge [PCI0] (domain 0000 [bus 00-ff])
[    0.252012] acpi PNP0A03:00: _OSC: OS supports [ASPM ClockPM Segments MSI]
[    0.253564] acpi PNP0A03:00: _OSC: not requesting OS control; OS requires [ExtendedConfig ASPM ClockPM MSI]
[    0.256014] acpi PNP0A03:00: fail to add MMCONFIG information, can't access extended PCI configuration space under this bridge.
[    0.258823] PCI host bridge to bus 0000:00
[    0.260004] pci_bus 0000:00: root bus resource [io  0x0000-0x0cf7 window]
[    0.261432] pci_bus 0000:00: root bus resource [io  0x0d00-0xffff window]
[    0.264004] pci_bus 0000:00: root bus resource [mem 0x000a0000-0x000bffff window]
[    0.265633] pci_bus 0000:00: root bus resource [mem 0x80000000-0xfdffffff window]
[    0.267345] pci_bus 0000:00: root bus resource [bus 00-ff]
[    0.272021] pci 0000:00:01.1: legacy IDE quirk: reg 0x10: [io  0x01f0-0x01f7]
[    0.273580] pci 0000:00:01.1: legacy IDE quirk: reg 0x14: [io  0x03f6]
[    0.275025] pci 0000:00:01.1: legacy IDE quirk: reg 0x18: [io  0x0170-0x0177]
[    0.276003] pci 0000:00:01.1: legacy IDE quirk: reg 0x1c: [io  0x0376]
[    0.329651] pci 0000:00:07.0: quirk: [io  0x4000-0x403f] claimed by PIIX4 ACPI
[    0.332040] pci 0000:00:07.0: quirk: [io  0x4100-0x410f] claimed by PIIX4 SMB
[    0.384480] ACPI: PCI Interrupt Link [LNKA] (IRQs 5 9 10 *11)
[    0.388115] ACPI: PCI Interrupt Link [LNKB] (IRQs 5 9 *10 11)
[    0.392165] ACPI: PCI Interrupt Link [LNKC] (IRQs 5 *9 10 11)
[    0.394027] ACPI: PCI Interrupt Link [LNKD] (IRQs 5 9 10 *11)
[    0.396479] SCSI subsystem initialized
[    0.397421] pci 0000:00:02.0: vgaarb: setting as boot VGA device
[    0.397421] pci 0000:00:02.0: vgaarb: VGA device added: decodes=io+mem,owns=io+mem,locks=none
[    0.400007] pci 0000:00:02.0: vgaarb: bridge control possible
[    0.401309] vgaarb: loaded
[    0.402038] ACPI: bus type USB registered
[    0.404023] usbcore: registered new interface driver usbfs
[    0.405213] usbcore: registered new interface driver hub
[    0.406452] usbcore: registered new device driver usb
[    0.408026] EDAC MC: Ver: 3.0.0
[    0.409051] PCI: Using ACPI for IRQ routing
[    0.409736] NetLabel: Initializing
[    0.410692] NetLabel:  domain hash size = 128
[    0.412008] NetLabel:  protocols = UNLABELED CIPSOv4 CALIPSO
[    0.414007] NetLabel:  unlabeled traffic allowed by default
[    0.416112] clocksource: Switched to clocksource kvm-clock
[    0.437855] VFS: Disk quotas dquot_6.6.0
[    0.440265] VFS: Dquot-cache hash table entries: 512 (order 0, 4096 bytes)
[    0.442173] AppArmor: AppArmor Filesystem Enabled
[    0.443429] pnp: PnP ACPI init
[    0.445289] pnp: PnP ACPI: found 3 devices
[    0.456591] clocksourc: acpi_pm: mask: 0xfffff max_cycles: 0xffffff, max_idle_ns: 2085701024 ns
[    0.514858] NET: Registered protocol family 2

[    0.516340] TCP established hash table entries: 16384 (order: 5, 131072 bytes)
[    0.601964] TCP bind hash table entries: 16384 (order: 6, 262144 bytes)
[    0.622362] TCP: Hash tables configured (established 16384 bind 16384)
[    0.6242] DPas tbl entris:1024(oder: , 278 byes
[    1.044886] UDP-Lite hash table entries: 1024 (order: 3, 32768 bytes)
[    1.6538] NET: Registered protocol family 1
[   .098076] pci 0000:00:00.0: Limiting direct PCI/PCI transfers
[    1.162548] pci 0000:00:01.0: Activating ISA DMA hang workarounds
[  1164264] pci 000:0:02.0:Vieo device with shadowed ROM at [mem 0x000c0000-0x000dffff]
[    1.338030] Unpacking initramfs...

[    1.705605] Freeing initrd memory: 19208K
[    1.720877] clocksource: tsc: mask: 0xffffffffffffffff max_cycles: 0x1fa37202099, max_idle_ns: 440795206796 ns
[    1.731828] platform rtc_cmos: registered platform RTC device (no PNP device found)
[    1.750671] Scanning for low memory corruption every 60 seconds
[    1.802615] Initialise system trusted keyrings
[    1.823764] Key type blacklist registered
[    1.825165] workingset: timestamp_bits=36 max_order=19 bucket_order=0
[    1.828815] zbud: loaded
[    1.852660] squashfs: version 4.0 (2009/01/31) Phillip Lougher
[    1.855708] fuse init (API version 7.26)
[    1.860108] Key type asymmetric registered
[    1.871849] Asymmetric key parser 'x509' registered
[    1.888059] Block layer SCSI generic (bsg) driver version 0.4 loaded (major 246)
[    1.926276] io scheduler noop registered
[    1.946707] io scheduler deadline registered
[    1.949269] io scheduler cfq registered (default)
[    1.952087] ACPI: AC Adapter [AC] (off-line)
[    1.953332] input: Power Button as /devices/LNXSYSTM:00/LNXPWRBN:00/input/input0
[    1.958158] ACPI: Power Button [PWRF]
[    1.958924] input: Sleep Button as /devices/LNXSYSTM:00/LNXSLPBN:00/input/input1
[    1.973658] ACPI: Sleep Button [SLPF]
[    1.983113] ACPI: Battery Slot [BAT0] (battery present)
[    1.991837] Serial: 8250/16550 driver, 32 ports, IRQ sharing enabled
[    2.015745] 00:02: ttyS0 at I/O 0x3f8 (irq = 4, base_baud = 115200) is a 16550A
[    2.022174] Linux agpgart interface v0.103
[    2.054960] loop: module loaded
[    2.067466] scsi host0: ata_piix
[    2.068292] scsi host1: ata_piix
[    2.068984] ata1: PATA max UDMA/33 cmd 0x1f0 ctl 0x3f6 bmdma 0xd000 irq 14
[    2.090669] ata2: PATA max UDMA/33 cmd 0x170 ctl 0x376 bmdma 0xd008 irq 15
[    2.092570] libphy: Fixed MDIO Bus: probed
[    2.093550] tun: Universal TUN/TAP device driver, 1.6
[    2.094828] PPP generic driver version 2.4.2
[    2.095944] ehci_hcd: USB 2.0 'Enhanced' Host Controller (EHCI) Driver
[    2.097414] ehci-pci: EHCI PCI platform driver
[    2.098413] ehci-platform: EHCI generic platform driver
[    2.099551] ohci_hcd: USB 1.1 'Open' Host Controller (OHCI) Driver
[    2.107797] ohci-pci: OHCI PCI platform driver
[    2.108900] ohci-platform: OHCI generic platform driver
[    2.110250] uhci_hcd: USB Universal Host Controller Interface driver
[    2.111749] i8042: PNP: PS/2 Controller [PNP0303:PS2K,PNP0f03:PS2M] at 0x60,0x64 irq 1,12
[    2.114269] serio: i8042 KBD port at 0x60,0x64 irq 1
[    2.115394] serio: i8042 AUX port at 0x60,0x64 irq 12
[    2.116772] mousedev: PS/2 mouse device common for all mice
[    2.118453] input: AT Translated Set 2 keyboard as /devices/platform/i8042/serio0/input/input2
[    2.121094] rtc_cmos rtc_cmos: rtc core: registered rtc_cmos as rtc0
[    2.122548] rtc_cmos rtc_cmos: alarms up to one day, 114 bytes nvram
[    2.123932] i2c /dev entries driver
[    2.124898] device-mapper: uevent: version 1.0.3
[    2.132434] device-mapper: ioctl: 4.37.0-ioctl (2017-09-20) initialised: dm-devel@redhat.com
[    2.134393] ledtrig-cpu: registered to indicate activity on CPUs
[    2.136270] NET: Registered protocol family 10
[    2.148240] Segment Routing with IPv6
[    2.181817] NET: Registered protocol family 17
[    2.210517] Key type dns_resolver registered
[    2.217644] mce: Using 0 MCE banks
[    2.218441] RAS: Correctable Errors collector initialized.
[    2.219690] sched_clock: Marking stable (2217597859, 0)->(4293796402, -2076198543)
[    2.222294] registered taskstats version 1
[    2.223412] Loading compiled-in X.509 certificates
[    2.227833] Loaded X.509 cert 'Build time autogenerated kernel key: b1772ce3e036cbf6bf2b7e9ed9be0f8806d61091'
[    2.230201] zswap: loaded using pool lzo/zbud
[    2.235868] Key type big_key registered
[    2.237020] Key type trusted registered
[    2.240222] Key type encrypted registered
[    2.241379] AppArmor: AppArmor sha1 policy hashing enabled
[    2.242962] ima: No TPM chip found, activating TPM-bypass! (rc=-19)
[    2.244788] ima: Allocated hash algorithm: sha1
[    2.331901] evm: HMAC attrs: 0x1
[    2.338420]   Magic number: 8:36:593
[    2.339495] rtc_cmos rtc_cmos: setting system clock to 2020-06-16 17:33:09 UTC (1592328789)
[    2.347021] BIOS EDD facility v0.16 2004-Jun-25, 0 devices found
[    2.353734] EDD information not available.
[    2.357562] Freeing unused kernel image memory: 2436K
[    2.381353] Write protecting the kernel read-only data: 20480k
[    2.385143] Freeing unused kernel image memory: 2008K
[    2.388412] Freeing unused kernel image memory: 1872K
[    2.401713] x86/mm: Checked W+X mappings: passed, no W+X pages found.
[    2.633253] x86/mm: Checking user space page tables
[    2.762941] x86/mm: Checked W+X mappings: passed, no W+X pages found.
Loading, please wait...
starting version 237
[    2.858781] e1000: Intel(R) PRO/1000 Network Driver - version 7.3.21-k8-NAPI
[    2.862797] e1000: Copyright (c) 1999-2006 Intel Corporation.
[    2.870658] Fusion MPT base driver 3.04.20
[    2.871793] Copyright (c) 1999-2008 LSI Corporation
[    2.895066] AVX2 version of gcm_enc/dec engaged.
[    2.906692] AES CTR mode by8 optimization enabled
[    2.918353] Fusion MPT SPI Host driver 3.04.20
[    3.085673] input: ImExPS/2 Generic Explorer Mouse as /devices/platform/i8042/serio1/input/input4
[    3.272409] e1000 0000:00:03.0 eth0: (PCI:33MHz:32-bit) 02:08:97:ad:f6:aa
[    3.281806] e1000 0000:00:03.0 eth0: Intel(R) PRO/1000 Network Connection
[    3.681142] e1000 0000:00:08.0 eth1: (PCI:33MHz:32-bit) 08:00:27:9d:36:24
[    3.688113] e1000 0000:00:08.0 eth1: Intel(R) PRO/1000 Network Connection
[    3.692160] mptbase: ioc0: Initiating bringup
[    4.021711] ioc0: LSI53C1030 A0: Capabilities={Initiator}
[    4.955478] scsi host2: ioc0: LSI53C1030 A0, FwRev=00000000h, Ports=1, MaxQ=256, IRQ=20
[    5.223388] scsi 2:0:0:0: Direct-Access     VBOX     HARDDISK         1.0  PQ: 0 ANSI: 5
[    5.376143] scsi target2:0:0: Beginning Domain Validation
[    5.386207] scsi target2:0:0: Domain Validation skipping write tests
[    5.387747] scsi target2:0:0: Ending Domain Validation
[    5.389135] scsi target2:0:0: asynchronous
[    5.390683] scsi 2:0:1:0: Direct-Access     VBOX     HARDDISK         1.0  PQ: 0 ANSI: 5
[    5.600209] scsi target2:0:1: Beginning Domain Validation
[    5.605890] random: fast init done
[    5.609228] scsi target2:0:1: Domain Validation skipping write tests
[    5.617136] scsi target2:0:1: Ending Domain Validation
[    5.618449] scsi target2:0:1: asynchronous
[    5.619449] random: systemd-udevd: uninitialized urandom read (16 bytes read)
[    5.622515] random: systemd-udevd: uninitialized urandom read (16 bytes read)
[    5.623807] sd 2:0:0:0: [sda] 20971520 512-byte logical blocks: (10.7 GB/10.0 GiB)
[    5.624231] random: systemd-udevd: uninitialized urandom read (16 bytes read)
[    5.633469] sd 2:0:0:0: Attached scsi generic sg0 type 0
[    5.635184] e1000 0000:00:09.0 eth2: (PCI:33MHz:32-bit) 08:00:27:88:ba:72
[    5.636380] sd 2:0:1:0: [sdb] 20480 512-byte logical blocks: (10.5 MB/10.0 MiB)
[    5.637600] e1000 0000:00:09.0 eth2: Intel(R) PRO/1000 Network Connection
[    5.639032] sd 2:0:1:0: [sdb] Write Protect is off
[    5.641791] sd 2:0:1:0: Attached scsi generic sg1 type 0
[    5.642853] e1000 0000:00:03.0 enp0s3: renamed from eth0
[    5.665550] sd 2:0:1:0: [sdb] Incomplete mode parameter data
[    5.668833] sd 2:0:1:0: [sdb] Assuming drive cache: write through
[    5.670251] sd 2:0:0:0: [sda] Write Protect is off
[    5.671397] sd 2:0:0:0: [sda] Incomplete mode parameter data
[    5.672482] sd 2:0:0:0: [sda] Assuming drive cache: write through
[    5.728977] e1000 0000:00:09.0 enp0s9: renamed from eth2
[    5.772665] e1000 0000:00:08.0 enp0s8: renamed from eth1
[    5.788512]  sda: sda1
[    5.797417] sd 2:0:0:0: [sda] Attached SCSI disk
[    5.807829] sd 2:0:1:0: [sdb] Attached SCSI disk
Begin: Loading essential drivers ... [    7.365005] raid6: sse2x1   gen()  8844 MB/s
[    7.448929] raid6: sse2x1   xor()  5714 MB/s
[    7.530902] raid6: sse2x2   gen() 12091 MB/s
[    7.608209] raid6: sse2x2   xor()  6506 MB/s
[    7.710839] raid6: sse2x4   gen() 14037 MB/s
[    7.788597] raid6: sse2x4   xor()  7494 MB/s
[    7.861332] raid6: avx2x1   gen() 17125 MB/s
[    7.960807] raid6: avx2x1   xor() 12483 MB/s
[    8.020789] raid6: avx2x2   gen() 22335 MB/s
[    8.070939] raid6: avx2x2   xor() 11251 MB/s
[    8.136697] raid6: avx2x4   gen() 21858 MB/s
[    8.200816] raid6: avx2x4   xor() 14661 MB/s
[    8.231310] raid6: using algorithm avx2x2 gen() 22335 MB/s
[    8.232612] raid6: .... xor() 11251 MB/s, rmw enabled
[    8.233705] raid6: using avx2x2 recovery algorithm
[    8.236347] xor: automatically using best checksumming function   avx       
[    8.245630] async_tx: api initialized (async)
done.
Begin: Running /scripts/init-premount ... done.[    8.316027] Btrfs loaded, crc32c=crc32c-intel

Begin: Mounting root file system ... Begin: Running /scripts/local-top ... done.
Begin: Running /scripts/local-premount ... Scanning for Btrfs filesystems
done.
Warning: fsck not present, so skipping root file system
[    8.624965] EXT4-fs (sda1): mounted filesystem with ordered data mode. Opts: (null)
done.
Begin: Running /scripts/local-bottom ... done.
Begin: Running /scripts/init-bottom ... done.
[    9.665907] ip_tables: (C) 2000-2006 Netfilter Core Team
[    9.846847] systemd[1]: systemd 237 running in system mode. (+PAM +AUDIT +SELINUX +IMA +APPARMOR +SMACK +SYSVINIT +UTMP +LIBCRYPTSETUP +GCRYPT +GNUTLS +ACL +XZ +LZ4 +SECCOMP +BLKID +ELFUTILS +KMOD -IDN2 +IDN -PCRE2 default-hierarchy=hybrid)
[    9.942270] systemd[1]: Detected virtualization oracle.
[    9.951314] systemd[1]: Detected architecture x86-64.

Welcome to [1mUbuntu 18.04.4 LTS[0m!

[    9.976905] systemd[1]: Set hostname to <ubuntu>.
[   10.025172] systemd[1]: Initializing machine ID from random generator.
[   10.029535] systemd[1]: Installed transient /etc/machine-id file.
[   10.578630] random: crng init done
[   10.581082] random: 7 urandom warning(s) missed due to ratelimiting
[   11.793149] systemd[1]: Set up automount Arbitrary Executable File Formats File System Automount Point.
[[0;32m  OK  [0m] Set up automount Arbitrary Executab…rmats File System Automount Point.
[   11.920419] systemd[1]: Started Forward Password Requests to Wall Directory Watch.
[[0;32m  OK  [0m] Started Forward Password Requests to Wall Directory Watch.
[   11.929626] systemd[1]: Created slice System Slice.
[[0;32m  OK  [0m] Created slice System Slice.
[   11.932203] systemd[1]: Listening on Journal Socket (/dev/log).
[[0;32m  OK  [0m] Listening on Journal Socket (/dev/log).
[[0;32m  OK  [0m] Listening on Device-mapper event daemon FIFOs.
[[0;32m  OK  [0m] Created slice system-serial\x2dgetty.slice.
[[0;32m  OK  [0m] Listening on udev Control Socket.
[[0;32m  OK  [0m] Listening on udev Kernel Socket.
[[0;32m  OK  [0m] Created slice User and Session Slice.
[[0;32m  OK  [0m] Listening on Syslog Socket.
[[0;32m  OK  [0m] Listening on /dev/initctl Compatibility Named Pipe.
[[0;32m  OK  [0m] Reached target System Time Synchronized.
[[0;32m  OK  [0m] Listening on Journal Socket.
         Starting Load Kernel Modules...
         Starting Create list of required st…ce nodes for the current kernel...
         Starting Set the console keyboard layout...
         Starting Uncomplicated firewall...
         Starting udev Coldplug all Devices...
[[0;32m  OK  [0m] Reached target User and Group Name Lookups.
[[0;32m  OK  [0m] Reached target Swap.
[[0;32m  OK  [0m] Listening on Journal Audit Socket.
         Starting Journal Service...
[[0;32m  OK  [0m] Listening on LVM2 metadata daemon socket.
         Starting Monitoring of LVM2 mirrors…ng dmeventd or progress polling...
         Mounting Huge Pages File System...
         Starting Remount Root and Kernel File Systems...
         Mounting POSIX Message Queue File System...
[[0;32m  OK  [0m] Reached target Slices.
         Mounting Kernel Debug File System...
[[0;32m  OK  [0m] Listening on LVM2 poll daemon socket.
[[0;32m  OK  [0m] Listening on Network Service Netlink Socket.
[[0;32m  OK  [0m] Started Create list of required sta…vice nodes for the current kernel.
[[0;32m  OK  [0m] Started Uncomplicated firewall.
         Starting Create Static Device Nodes in /dev...
[[0;32m  OK  [0m] Started udev Coldplug all Devices.
[[0;32m  OK  [0m] Started Journal Service.
[   12.824502] Loading iSCSI transport class v2.0-870.
[[0;32m  OK  [0m] Mounted POSIX Message Queue File System.
[[0;32m  OK  [0m] Mounted Kernel Debug File System.
[[0;32m  OK  [0m] Mounted Huge Pages File System.
[[0;32m  OK  [0m] Started LVM2 metadata daemon.
[   13.008855] iscsi: registered transport (tcp)
[   13.120924] EXT4-fs (sda1): re-mounted. Opts: (null)
[[0;32m  OK  [0m] Started Remount Root and Kernel File Systems.
         Starting Load/Save Random Seed...
         Starting Flush Journal to Persistent Storage...
[[0;32m  OK  [0m] Started Set the console keyboard layout.
[[0;32m  OK  [0m] Started Load/Save Random Seed.
[   13.427837] systemd-journald[404]: Received request to flush runtime journal from PID 1
[[0;32m  OK  [0m] Started Monitoring of LVM2 mirrors,…sing dmeventd or progress polling.
[[0;32m  OK  [0m] Started Create Static Device Nodes in /dev.
[[0;32m  OK  [0m] Reached target Local File Systems (Pre).
[[0;32m  OK  [0m] Reached target Local File Systems.
         Starting ebtables ruleset management...
         Starting Set console font and keymap...
         Starting AppArmor initialization...
         Starting Tell Plymouth To Write Out Runtime Data...
         Starting Commit a transient machine-id on disk...
         Starting udev Kernel Device Manager...
[   13.647395] iscsi: registered transport (iser)
[[0;32m  OK  [0m] Started Load Kernel Modules.
         Starting Apply Kernel Variables...
         Mounting Kernel Configuration File System...
         Mounting FUSE Control File System...
[[0;32m  OK  [0m] Mounted Kernel Configuration File System.
[[0;32m  OK  [0m] Mounted FUSE Control File System.
[[0;32m  OK  [0m] Started Flush Journal to Persistent Storage.
[[0;32m  OK  [0m] Started Set console font and keymap.
         Starting Create Volatile Files and Directories...
[[0;32m  OK  [0m] Started Tell Plymouth To Write Out Runtime Data.
[[0;32m  OK  [0m] Started Commit a transient machine-id on disk.
[[0;32m  OK  [0m] Started Create Volatile Files and Directories.
         Starting Update UTMP about System Boot/Shutdown...
[[0;32m  OK  [0m] Started Apply Kernel Variables.
[[0;32m  OK  [0m] Started Update UTMP about System Boot/Shutdown.
[[0;32m  OK  [0m] Started udev Kernel Device Manager.
[[0;32m  OK  [0m] Started Dispatch Password Requests to Console Directory Watch.
[[0;32m  OK  [0m] Reached target Local Encrypted Volumes.
[[0;32m  OK  [0m] Started ebtables ruleset management.
[[0;32m  OK  [0m] Found device /dev/ttyS0.
[[0;32m  OK  [0m] Listening on Load/Save RF Kill Switch Status /dev/rfkill Watch.
[[0;32m  OK  [0m] Started AppArmor initialization.
         Starting Initial cloud-init job (pre-networking)...
[   23.704240] cloud-init[552]: Cloud-init v. 19.4-33-gbb4131a2-0ubuntu1~18.04.1 running 'init-local' at Tue, 16 Jun 2020 17:33:29 +0000. Up 22.34 seconds.
[[0;32m  OK  [0m] Started Initial cloud-init job (pre-networking).
[[0;32m  OK  [0m] Reached target Network (Pre).
         Starting Network Service...
[[0;32m  OK  [0m] Started Network Service.
         Starting Network Name Resolution...
         Starting Wait for Network to be Configured...
[[0;32m  OK  [0m] Started Network Name Resolution.
[[0;32m  OK  [0m] Reached target Network.
[[0;32m  OK  [0m] Reached target Host and Network Name Lookups.
[[0;32m  OK  [0m] Started Wait for Network to be Configured.
         Starting Initial cloud-init job (metadata service crawler)...
[   26.941134] cloud-init[659]: Cloud-init v. 19.4-33-gbb4131a2-0ubuntu1~18.04.1 running 'init' at Tue, 16 Jun 2020 17:33:33 +0000. Up 26.47 seconds.
[   27.000318] cloud-init[659]: ci-info: ++++++++++++++++++++++++++++++++++++++Net device info++++++++++++++++++++++++++++++++++++++
[   27.037913] cloud-init[659]: ci-info: +--------+-------+---------------------------+---------------+--------+-------------------+
[   27.039913] cloud-init[659]: ci-info: | Device |   Up  |          Address          |      Mask     | Scope  |     Hw-Address    |
[   27.041765] cloud-init[659]: ci-info: +--------+-------+---------------------------+---------------+--------+-------------------+
[   27.047425] cloud-init[659]: ci-info: | enp0s3 |  True |         10.0.2.15         | 255.255.255.0 | global | 02:08:97:ad:f6:aa |
[   27.082705] cloud-init[659]: ci-info: | enp0s3 |  True | fe80::8:97ff:fead:f6aa/64 |       .       |  link  | 02:08:97:ad:f6:aa |
[   27.085032] cloud-init[659]: ci-info: | enp0s8 | False |             .             |       .       |   .    | 08:00:27:9d:36:24 |
[   27.088253] cloud-init[659]: ci-info: | enp0s9 | False |             .             |       .       |   .    | 08:00:27:88:ba:72 |
[   27.104301] cloud-init[659]: ci-info: |   lo   |  True |         127.0.0.1         |   255.0.0.0   |  host  |         .         |
[   27.110825] cloud-init[659]: ci-info: |   lo   |  True |          ::1/128          |       .       |  host  |         .         |
[   27.144482] cloud-init[659]: ci-info: +--------+-------+---------------------------+---------------+--------+-------------------+
[   27.148417] cloud-init[659]: ci-info: ++++++++++++++++++++++++++++Route IPv4 info+++++++++++++++++++++++++++++
[   27.185528] cloud-init[659]: ci-info: +-------+-------------+----------+-----------------+-----------+-------+
[   27.188287] cloud-init[659]: ci-info: | Route | Destination | Gateway  |     Genmask     | Interface | Flags |
[   27.202154] cloud-init[659]: ci-info: +-------+-------------+----------+-----------------+-----------+-------+
[   27.204954] cloud-init[659]: ci-info: |   0   |   0.0.0.0   | 10.0.2.2 |     0.0.0.0     |   enp0s3  |   UG  |
[   27.207662] cloud-init[659]: ci-info: |   1   |   10.0.2.0  | 0.0.0.0  |  255.255.255.0  |   enp0s3  |   U   |
[   27.223058] cloud-init[659]: ci-info: |   2   |   10.0.2.2  | 0.0.0.0  | 255.255.255.255 |   enp0s3  |   UH  |
[   27.226252] cloud-init[659]: ci-info: +-------+-------------+----------+-----------------+-----------+-------+
[   27.313284] cloud-init[659]: ci-info: +++++++++++++++++++Route IPv6 info+++++++++++++++++++
[   27.319024] cloud-init[659]: ci-info: +-------+-------------+---------+-----------+-------+
[   27.372573] cloud-init[659]: ci-info: | Route | Destination | Gateway | Interface | Flags |
[   27.441911] cloud-init[659]: ci-info: +-------+-------------+---------+-----------+-------+
[   27.534982] cloud-init[659]: ci-info: |   1   |  fe80::/64  |    ::   |   enp0s3  |   U   |
[   27.571986] cloud-init[659]: ci-info: |   3   |    local    |    ::   |   enp0s3  |   U   |
[   27.604669] cloud-init[659]: ci-info: |   4   |   ff00::/8  |    ::   |   enp0s3  |   U   |
[   27.641582] cloud-init[659]: ci-info: +-------+-------------+---------+-----------+-------+
[   29.332093] cloud-init[659]: Generating public/private rsa key pair.
[   29.430138] cloud-init[659]: Your identification has been saved in /etc/ssh/ssh_host_rsa_key.
[[0;32m  OK  [0m] Started Initial cloud-init job (metadata service crawler).
[[0;32m  OK  [0m] Reached target System Initialization.
[   29.496346] cloud-init[659]:          Starting Socket activation for snappy daemon.
[[0;32m  OK  [0m] Started Discard unused blocks once a week.
Your public key has been saved in /etc/ssh/ssh_host_rsa_key.pub.
[[0;32m  OK  [0m] Started ACPI Events Check.
[[0;32m  OK  [0m] Listening on ACPID Listen Socket.
[   29.609928] cloud-init[659]: The key fingerprint is:
         Starting LXD - unix socket.
[   29.703475] cloud-init[659]: SHA256:ECQIvib3dks1JA5ykfsWh50DMCjm860mYPJStxR7dl8 root@ubuntu-bionic
[[0;32m  OK  [0m] Started Daily Cleanup of Temporary Directories.
[   29.705828] [[0;32m  OK  [0m] Listening on D-Bus System Message Bus Socket.
[[0;32m  OK  [0m] Reached target Paths.
cloud-init[[0;32m  OK  [0m] Listening on UUID daemon activation socket.
[659]: The key's randomart image is:
[[0;32m  OK  [0m] Started Daily apt download activities.
[   29.777874] [[0;32m  OK  [0m] Listening on Open-iSCSI iscsid Socket.cloud-init
[659]: +---[RSA 2048]----+
[[0;32m  OK  [0m] Started Daily apt upgrade and clean activities.
[   29.827097] [cloud-init[0;32m  OK  [0m[659]: ] |.. o=+o          |Started Message of the Day.

[[0;32m  OK  [0m] Reached target Timers.
[   29.851018] [cloud-init[0;32m  OK  [0m[659]: ] |o.o .+..         |Reached target Network is Online.

[   29.864119] cloud-init[659]: |oo. o.o+..       |
         Starting Availability of block devices...
[[0;32m  OK  [0m] Reached target Remote File Systems (Pre).
[[0;32m  OK  [0m] Reached target Remote File Systems.
[[0;32m  OK  [0m] Reached target Cloud-config availability.
[[0;32m  OK  [0m] Listening on Socket activation for snappy daemon.
[[0;32m  OK  [0m] Listening on LXD - unix socket.
[   29.867430] cloud-init[659]: | o.oooo+=        |
[[0;32m  OK  [0m] Started Availability of block devices.
[[0;32m  OK  [0m] Reached target Sockets.
[[0;32m  OK  [0m] Reached target Basic System.
         Starting Virtualbox guest utils...
[[0;32m  OK  [0m] Started FUSE filesystem for LXC.
         Starting LXD - container startup/shutdown...
[[0;32m  OK  [0m] Started D-Bus System Message Bus.
[   29.928633] cloud-init[659]: |.o+ .+.oS.       |
[   30.051350] cloud-init[659]: |=o.o+.=...  E    |
[   30.053221] cloud-init[659]: |+o o+=o. . .     |
[   30.054913] cloud-init[659]: |...+.o .  .      |
[   30.068282] cloud-init[659]: | .o   .          |
[   30.070453] cloud-init[659]: +----[SHA256]-----+
[   30.071889] cloud-init[659]: Generating public/private dsa key pair.
[   30.101174] cloud-init[659]: Your identification has been saved in /etc/ssh/ssh_host_dsa_key.
[   30.128956] cloud-init[659]: Your public key has been saved in /etc/ssh/ssh_host_dsa_key.pub.
[   30.143497] cloud-init[659]: The key fingerprint is:
[   30.156355] cloud-init[659]: SHA256:2xRxk6Gt9ckdqfxRz2bOAAvN6tx/yvNP17P6fbk/iuI root@ubuntu-bionic
[   30.160487] cloud-init[659]: The key's randomart image is:
[   30.169658] cloud-init[659]: +---[DSA 1024]----+
[   30.179102] cloud-init[659]: |          . +o   |
[   30.180576] cloud-init[659]: |           B..  .|
[   30.181938] cloud-init[659]: |          + *  o.|
[   30.201811] cloud-init[659]: |           *.=.++|
[   30.219832] cloud-init[659]: |        S + .o=.*|
[   30.222267] cloud-init[659]: |         * .  .*o|
[   30.234180] cloud-init[659]: |        . + .  oB|
[   30.238858] cloud-init[659]: |         .  .o.+B|
[   30.256316] cloud-init[659]: |        .E.. oBO@|
[   30.258800] cloud-init[659]: +----[SHA256]-----+
[   30.273292] cloud-init[659]: Generating public/private ecdsa key pair.
[   30.275138] cloud-init[659]: Your identification has been saved in /etc/ssh/ssh_host_ecdsa_key.
[   30.299687] cloud-init[659]: Your public key has been saved in /etc/ssh/ssh_host_ecdsa_key.pub.
[   30.363705] cloud-init[659]: The key fingerprint is:
[   30.365564] cloud-init[659]: SHA256:lxMhd+5vD1EaY37+mBi5qNlkpFrtR89zpxwpCu6EQGg root@ubuntu-bionic
[   30.375097] cloud-init[659]: The key's randomart image is:
[   30.408708] cloud-init[659]: +---[ECDSA 256]---+
[   30.418521] cloud-init[659]: |        . o .    |
[   30.420396] cloud-init[659]: |   .     o +     |
[   30.421992] cloud-init[659]: |  E .     . . + .|
[   30.424091] cloud-init[659]: | . .       + o = |
         Starting LSB: automatic crash report generation...
[   30.456946] cloud-init[659]: |    .   S = . + .|
[   30.466055] cloud-init[659]: |     . . = ..o = |
[   30.467503] cloud-init[659]: |      . = +.+o* .|
[   30.468954] cloud-init[659]: |       = B o.B+*+|
[   30.470348] cloud-init[659]: |      ..=.=.o =++|
[   30.471842] cloud-init[659]: +----[SHA256]-----+
[   30.474517] cloud-init[659]: Generating public/private ed25519 key pair.
[   30.489345] cloud-init[659]: Your identification has been saved in /etc/ssh/ssh_host_ed25519_key.
[   30.498963] cloud-init[659]: Your public key has been saved in /etc/ssh/ssh_host_ed25519_key.pub.
[   30.501501] cloud-init[659]: The key fingerprint is:
[   30.518714] cloud-init[659]: SHA256:BS9gc43lM9FjpLklF0sgYfGKoOnAh/ly4F8o+K4S5aU root@ubuntu-bionic
[   30.520645] cloud-init[659]: The key's randomart image is:
[   30.521877] cloud-init[659]: +--[ED25519 256]--+
[[0;32m  OK  [0m] Started Regular background program processing daemon.
[   30.565190] cloud-init[659]: |      + B*+++    |
[[0;32m  OK  [0m[   30.630073] cloud-init[659]: |     . =.*.=+o   |
] Started Deferred execution scheduler.
         [   30.668410] cloud-init[659]: |    .   . @.+.   |
[   30.668882] cloud-init[659]: |. +o.. . + B     |
Starting Accounts Service...
[   30.669329] cloud-init[659]: |.Bo+  . S .      |
         Starting System Logging Service...
[   30.684995] cloud-init[659]: |+oE .            |
[   30.689920] cloud-init[659]: |.=.+ .           |
[   30.691080] cloud-init[659]: |..= .            |
[   30.693161] cloud-init[659]: |ooo.             |
[   30.694244] cloud-init[659]: +----[SHA256]-----+
[[0;32m  OK  [0m] Started irqbalance daemon.
         Starting LSB: Record successful boot for GRUB...
         Starting Login Service...
         Starting Permit User Sessions...
         Starting Dispatcher daemon for systemd-networkd...
         Starting Pollinate to seed the pseudo random number generator...
         Starting Snappy daemon...
[[0;32m  OK  [0m] Started System Logging Service.
[[0;32m  OK  [0m] Started Permit User Sessions.
[[0;32m  OK  [0m] Started Login Service.
         Starting Authorization Manager...
[[0;32m  OK  [0m] Started Unattended Upgrades Shutdown.
         Starting Terminate Plymouth Boot Screen...
         Starting Hold until boot process finishes up...
[[0;32m  OK  [0m] Started Terminate Plymouth Boot Screen.
[[0;32m  OK  [0m] Started Hold until boot process finishes up.
[[0;32m  OK  [0m] Started Serial Getty on ttyS0.
         Starting Set console scheme...
[[0;32m  OK  [0m] Started LSB: automatic crash report generation.
[[0;32m  OK  [0m] Started Set console scheme.
[[0;32m  OK  [0m] Created slice system-getty.slice.
[[0;32m  OK  [0m] Started Getty on tty1.
[[0;32m  OK  [0m] Reached target Login Prompts.
[[0;32m  OK  [0m] Started LSB: Record successful boot for GRUB.
[[0;32m  OK  [0m] Started Authorization Manager.
[[0;32m  OK  [0m] Started Accounts Service.
[[0;32m  OK  [0m] Started Virtualbox guest utils.
[[0;32m  OK  [0m] Started Dispatcher daemon for systemd-networkd.
[[0;32m  OK  [0m] Started LXD - container startup/shutdown.
[[0;32m  OK  [0m] Started Snappy daemon.
         Starting Wait until snapd is fully seeded...

Ubuntu 18.04.4 LTS ubuntu-bionic ttyS0

ubuntu-bionic login: [   45.351117] cloud-init[1502]: Cloud-init v. 19.4-33-gbb4131a2-0ubuntu1~18.04.1 running 'modules:config' at Tue, 16 Jun 2020 17:33:50 +0000. Up 43.71 seconds.
ci-info: no authorized SSH keys fingerprints found for user ubuntu.
<14>Jun 16 17:33:53 ec2: 
<14>Jun 16 17:33:53 ec2: #############################################################
<14>Jun 16 17:33:53 ec2: -----BEGIN SSH HOST KEY FINGERPRINTS-----
<14>Jun 16 17:33:53 ec2: 1024 SHA256:2xRxk6Gt9ckdqfxRz2bOAAvN6tx/yvNP17P6fbk/iuI root@ubuntu-bionic (DSA)
<14>Jun 16 17:33:53 ec2: 256 SHA256:lxMhd+5vD1EaY37+mBi5qNlkpFrtR89zpxwpCu6EQGg root@ubuntu-bionic (ECDSA)
<14>Jun 16 17:33:53 ec2: 256 SHA256:BS9gc43lM9FjpLklF0sgYfGKoOnAh/ly4F8o+K4S5aU root@ubuntu-bionic (ED25519)
<14>Jun 16 17:33:53 ec2: 2048 SHA256:ECQIvib3dks1JA5ykfsWh50DMCjm860mYPJStxR7dl8 root@ubuntu-bionic (RSA)
<14>Jun 16 17:33:53 ec2: -----END SSH HOST KEY FINGERPRINTS-----
<14>Jun 16 17:33:53 ec2: #############################################################
-----BEGIN SSH HOST KEY KEYS-----
ecdsa-sha2-nistp256 AAAAE2VjZHNhLXNoYTItbmlzdHAyNTYAAAAIbmlzdHAyNTYAAABBBOy3ZoBfqv2Dm83E3PsYqfVEqk+45+JPUaoiskvrVhF1o5ERFOWytf/4BBDahkbAb3ChCdoacvmDwZsmZqyyqQ8= root@ubuntu-bionic
ssh-ed25519 AAAAC3NzaC1lZDI1NTE5AAAAIAX2hy8WVgO4G0uc+4L1l5bB2O1dmxN/KE0N/NBq5qeD root@ubuntu-bionic
ssh-rsa AAAAB3NzaC1yc2EAAAADAQABAAABAQDDlK8q/H9paLdgGnb0qi2G/gTevxIUv12/xbPndl3T0UbCFshYZSqJoCLCD/I+Xk7XADuSe9foVL9ArZ3W0w0q7yL6BzPWw6tEUVoAFLvV6snADqtxSKE89sAp+OAjChhWDnLx8RToYYZKdSkqXOAHKOKQSySSmKqAfHewZdKybMJ8S6A9srs2N5vyIynDQ3I/XMlkcgRh9sdCZsTSkpLndTmCskPxBZuveD6aKMWXz3TXcAM5OHIW5nBkA37IaZiw0BBtkbXUXS/pet3PPlNIfDQZRxmccThhYnFCVr0rydDPuEZXyY07UsXvW/qZ7pCE0N/I7E/10P72g/n31Xxl root@ubuntu-bionic
-----END SSH HOST KEY KEYS-----
[   46.398344] cloud-init[1710]: Cloud-init v. 19.4-33-gbb4131a2-0ubuntu1~18.04.1 running 'modules:final' at Tue, 16 Jun 2020 17:33:53 +0000. Up 46.12 seconds.
[   46.398503] cloud-init[1710]: ci-info: no authorized SSH keys fingerprints found for user ubuntu.
[   46.398626] cloud-init[1710]: Cloud-init v. 19.4-33-gbb4131a2-0ubuntu1~18.04.1 finished at Tue, 16 Jun 2020 17:33:53 +0000. Datasource DataSourceNoCloud [seed=/dev/sdb][dsmode=net].  Up 46.38 seconds
